14-Jun-2020 12:49:18.309 严重 [main] org.apache.catalina.startup.Catalina.initDirs Cannot find specified temporary folder at D:\idea_workspace\development_tools\tomcat\tomcat_case1\temp
14-Jun-2020 12:49:18.540 信息 [main] org.apache.catalina.startup.VersionLoggerListener.log Server version:        Apache Tomcat/8.0.45
14-Jun-2020 12:49:18.540 信息 [main] org.apache.catalina.startup.VersionLoggerListener.log Server built:          Jun 26 2017 20:06:07 UTC
14-Jun-2020 12:49:18.540 信息 [main] org.apache.catalina.startup.VersionLoggerListener.log Server number:         8.0.45.0
14-Jun-2020 12:49:18.541 信息 [main] org.apache.catalina.startup.VersionLoggerListener.log OS Name:               Windows 10
14-Jun-2020 12:49:18.541 信息 [main] org.apache.catalina.startup.VersionLoggerListener.log OS Version:            10.0
14-Jun-2020 12:49:18.541 信息 [main] org.apache.catalina.startup.VersionLoggerListener.log Architecture:          amd64
14-Jun-2020 12:49:18.541 信息 [main] org.apache.catalina.startup.VersionLoggerListener.log Java Home:             D:\Program Files\Java\jdk1.8.0_241\jre
14-Jun-2020 12:49:18.542 信息 [main] org.apache.catalina.startup.VersionLoggerListener.log JVM Version:           1.8.0_241-b07
14-Jun-2020 12:49:18.542 信息 [main] org.apache.catalina.startup.VersionLoggerListener.log JVM Vendor:            Oracle Corporation
14-Jun-2020 12:49:18.542 信息 [main] org.apache.catalina.startup.VersionLoggerListener.log CATALINA_BASE:         D:\idea_workspace\development_tools\tomcat\tomcat_case1
14-Jun-2020 12:49:18.542 信息 [main] org.apache.catalina.startup.VersionLoggerListener.log CATALINA_HOME:         D:\idea_workspace\development_tools\tomcat\apache-tomcat-8.0.45_https
14-Jun-2020 12:49:18.542 信息 [main] org.apache.catalina.startup.VersionLoggerListener.log Command line argument: -Djava.util.logging.config.file=D:\idea_workspace\development_tools\tomcat\tomcat_case1\conf\logging.properties
14-Jun-2020 12:49:18.542 信息 [main] org.apache.catalina.startup.VersionLoggerListener.log Command line argument: -Djava.util.logging.manager=org.apache.juli.ClassLoaderLogManager
14-Jun-2020 12:49:18.543 信息 [main] org.apache.catalina.startup.VersionLoggerListener.log Command line argument: -Djdk.tls.ephemeralDHKeySize=2048
14-Jun-2020 12:49:18.543 信息 [main] org.apache.catalina.startup.VersionLoggerListener.log Command line argument: -Djava.protocol.handler.pkgs=org.apache.catalina.webresources
14-Jun-2020 12:49:18.543 信息 [main] org.apache.catalina.startup.VersionLoggerListener.log Command line argument: -Djava.endorsed.dirs=D:\idea_workspace\development_tools\tomcat\apache-tomcat-8.0.45_https\endorsed
14-Jun-2020 12:49:18.545 信息 [main] org.apache.catalina.startup.VersionLoggerListener.log Command line argument: -Dcatalina.base=D:\idea_workspace\development_tools\tomcat\tomcat_case1
14-Jun-2020 12:49:18.545 信息 [main] org.apache.catalina.startup.VersionLoggerListener.log Command line argument: -Dcatalina.home=D:\idea_workspace\development_tools\tomcat\apache-tomcat-8.0.45_https
14-Jun-2020 12:49:18.545 信息 [main] org.apache.catalina.startup.VersionLoggerListener.log Command line argument: -Djava.io.tmpdir=D:\idea_workspace\development_tools\tomcat\tomcat_case1\temp
14-Jun-2020 12:49:18.546 信息 [main] org.apache.catalina.core.AprLifecycleListener.lifecycleEvent The APR based Apache Tomcat Native library which allows optimal performance in production environments was not found on the java.library.path: D:\Program Files\Java\jdk1.8.0_241\bin;C:\windows\Sun\Java\bin;C:\windows\system32;C:\windows;C:\windows\system32;C:\windows;C:\windows\System32\Wbem;C:\windows\System32\WindowsPowerShell\v1.0\;C:\windows\System32\OpenSSH\;C:\Program Files (x86)\NVIDIA Corporation\PhysX\Common;C:\Program Files\NVIDIA Corporation\NVIDIA NvDLISR;D:\Program Files\TortoiseGit\bin;D:\Program Files\Java\jdk1.8.0_241\bin;D:\idea_workspace\development_tools\apache-maven-3.5.2\bin;D:\Program Files\nodejs\;D:\Program Files (x86)\Yarn\bin\;C:\Users\yangkai\AppData\Local\Microsoft\WindowsApps;C:\Users\yangkai\AppData\Roaming\npm;C:\Users\yangkai\AppData\Local\Yarn\bin;.
14-Jun-2020 12:49:18.633 信息 [main] org.apache.coyote.AbstractProtocol.init Initializing ProtocolHandler ["http-nio-22020"]
14-Jun-2020 12:49:18.895 信息 [main] org.apache.tomcat.util.net.NioSelectorPool.getSharedSelector Using a shared selector for servlet write/read
14-Jun-2020 12:49:18.904 信息 [main] org.apache.coyote.AbstractProtocol.init Initializing ProtocolHandler ["http-nio-65532"]
14-Jun-2020 12:49:19.207 信息 [main] org.apache.tomcat.util.net.NioSelectorPool.getSharedSelector Using a shared selector for servlet write/read
14-Jun-2020 12:49:19.208 信息 [main] org.apache.coyote.AbstractProtocol.init Initializing ProtocolHandler ["ajp-nio-10009"]
14-Jun-2020 12:49:19.210 信息 [main] org.apache.tomcat.util.net.NioSelectorPool.getSharedSelector Using a shared selector for servlet write/read
14-Jun-2020 12:49:19.210 信息 [main] org.apache.catalina.startup.Catalina.load Initialization processed in 901 ms
14-Jun-2020 12:49:19.227 信息 [main] org.apache.catalina.core.StandardService.startInternal Starting service Catalina
14-Jun-2020 12:49:19.227 信息 [main] org.apache.catalina.core.StandardEngine.startInternal Starting Servlet Engine: Apache Tomcat/8.0.45
14-Jun-2020 12:49:19.234 信息 [localhost-startStop-1] org.apache.catalina.startup.HostConfig.deployDescriptor Deploying configuration descriptor D:\idea_workspace\development_tools\tomcat\tomcat_case1\conf\Catalina\localhost\ROOT.xml
14-Jun-2020 12:49:19.459 信息 [localhost-startStop-1] org.apache.catalina.startup.HostConfig.deployDescriptor Deployment of configuration descriptor D:\idea_workspace\development_tools\tomcat\tomcat_case1\conf\Catalina\localhost\ROOT.xml has finished in 225 ms
14-Jun-2020 12:49:19.460 信息 [localhost-startStop-1] org.apache.catalina.startup.HostConfig.deployDescriptor Deploying configuration descriptor D:\idea_workspace\development_tools\tomcat\tomcat_case1\conf\Catalina\localhost\website.xml
14-Jun-2020 12:49:19.473 信息 [localhost-startStop-1] org.apache.catalina.startup.HostConfig.deployDescriptor Deployment of configuration descriptor D:\idea_workspace\development_tools\tomcat\tomcat_case1\conf\Catalina\localhost\website.xml has finished in 12 ms
14-Jun-2020 12:49:19.475 信息 [main] org.apache.coyote.AbstractProtocol.start Starting ProtocolHandler ["http-nio-22020"]
14-Jun-2020 12:49:19.483 信息 [main] org.apache.coyote.AbstractProtocol.start Starting ProtocolHandler ["http-nio-65532"]
14-Jun-2020 12:49:19.485 信息 [main] org.apache.coyote.AbstractProtocol.start Starting ProtocolHandler ["ajp-nio-10009"]
14-Jun-2020 12:49:19.487 信息 [main] org.apache.catalina.startup.Catalina.start Server startup in 276 ms
